<?xml version="1.0" encoding="utf-8"?><testsuites name="pytest tests"><testsuite name="pytest" errors="0" failures="0" skipped="0" tests="38" time="1.471" timestamp="2026-07-21T09:03:07.274718-04:00" hostname="Doctor"><testcase classname="tests.release.test_bag_invariants" name="test_meeple_hand_counts_in_range" time="0.144" /><testcase classname="tests.release.test_bag_invariants" name="test_scores_nonnegative_and_monotone" time="0.139" /><testcase classname="tests.release.test_bag_invariants" name="test_deck_shrinks_and_tiles_conserve" time="0.139" /><testcase classname="tests.release.test_bag_invariants" name="test_tiles_phase_has_a_tile_and_legal_moves" time="0.092" /><testcase classname="tests.release.test_bag_invariants" name="test_current_player_is_valid" time="0.136" /><testcase classname="tests.release.test_crop_boundary" name="test_default_mode_is_off_and_unchanged" time="0.001" /><testcase classname="tests.release.test_crop_boundary" name="test_strict_raises_on_a_single_dropped_action" time="0.001" /><testcase classname="tests.release.test_crop_boundary" name="test_strict_passes_clean_when_nothing_overflows" time="0.001" /><testcase classname="tests.release.test_crop_boundary" name="test_all_overflow_still_raises_in_both_modes" time="0.000" /><testcase classname="tests.release.test_deck_canonicalization" name="test_determinization_invariant_to_hidden_deck_order" time="0.002" /><testcase classname="tests.release.test_deck_canonicalization" name="test_determinization_preserves_multiset_and_next_tile" time="0.003" /><testcase classname="tests.release.test_deck_canonicalization" name="test_fair_agent_pick_invariant_to_hidden_order" time="0.071" /><testcase classname="tests.release.test_factory_manifest" name="test_spec_matches_production_yaml" time="0.022" /><testcase classname="tests.release.test_factory_manifest" name="test_fair_manifest_matches_intent" time="0.020" /><testcase classname="tests.release.test_factory_manifest" name="test_manifest_byte_stable_across_two_constructions" time="0.041" /><testcase classname="tests.release.test_factory_manifest" name="test_manifest_hashes_are_the_three_verified_dialects" time="0.021" /><testcase classname="tests.release.test_factory_manifest" name="test_factory_hashes_agree_with_authoritative_single_sources" time="0.007" /><testcase classname="tests.release.test_factory_manifest" name="test_leaf_value_panel_is_the_golden" time="0.019" /><testcase classname="tests.release.test_factory_manifest" name="test_verify_raises_on_wrong_curve_and_caps" time="0.037" /><testcase classname="tests.release.test_factory_manifest" name="test_fair_agent_is_the_production_shape" time="0.020" /><testcase classname="tests.release.test_factory_manifest" name="test_clairvoyant_agent_uses_reuse_tree" time="0.021" /><testcase classname="tests.release.test_factory_manifest" name="test_yaml_leaf_hash_field_is_a_recorded_dialect" time="0.007" /><testcase classname="tests.release.test_farm_scoring" name="test_engine_pays_six_same_player_two_fields" time="0.001" /><testcase classname="tests.release.test_farm_scoring" name="test_engine_splits_three_each_different_players" time="0.001" /><testcase classname="tests.release.test_farm_scoring" name="test_flat_leaf_base_credits_city_twice_same_player" time="0.001" /><testcase classname="tests.release.test_farm_scoring" name="test_flat_leaf_base_splits_between_players" time="0.001" /><testcase classname="tests.release.test_farm_scoring" name="test_object_leaf_base_credits_city_twice_same_player" time="0.001" /><testcase classname="tests.release.test_farm_scoring" name="test_full_production_leaf_reflects_six" time="0.001" /><testcase classname="tests.release.test_farm_scoring" name="test_growth_anticipation_dedup_is_the_documented_heuristic_choice" time="0.001" /><testcase classname="tests.release.test_key_collision" name="test_no_dangerous_key_collision_over_sample" time="0.186" /><testcase classname="tests.release.test_key_collision" name="test_builtin_collision_detector_has_teeth" time="0.018" /><testcase classname="tests.release.test_key_collision" name="test_state_fingerprint_distinguishes_the_two_boards" time="0.002" /><testcase classname="tests.release.test_rotation_alias" name="test_rotation_aliases_fold_to_same_key_and_play_equivalent_child" time="0.017" /><testcase classname="tests.release.test_rotation_alias" name="test_champion_prior_mass_conserved" time="0.016" /><testcase classname="tests.release.test_rotation_alias" name="test_mcts_does_not_double_count_aliased_visits" time="0.042" /><testcase classname="tests.release.test_sign_semantics" name="test_get_game_ended_is_antisymmetric_on_terminal" time="0.135" /><testcase classname="tests.release.test_sign_semantics" name="test_diff_and_won_by_champ_golden" time="0.000" /><testcase classname="tests.release.test_sign_semantics" name="test_eval_fair_puct_gameresult_sign_matches_convention" time="0.003" /></testsuite></testsuites>